[22:54:09] [main/INFO] (FabricLoader/GameProvider) Loading Minecraft 1.20.5 with Fabric Loader 0.15.11
[22:54:09] [main/INFO] (FabricLoader) Loading 55 mods:
	- fabric-api 0.97.8+1.20.5
	- fabric-api-base 0.4.40+80f8cf510d
	- fabric-api-lookup-api-v1 1.6.59+e9d2a72b0d
	- fabric-biome-api-v1 13.0.25+db2ee4240d
	- fabric-block-api-v1 1.0.20+6dfe4c9b0d
	- fabric-block-view-api-v2 1.0.8+80f8cf510d
	- fabric-blockrenderlayer-v1 1.1.50+80f8cf510d
	- fabric-client-tags-api-v1 1.1.12+7f945d5b0d
	- fabric-command-api-v1 1.2.45+f71b366f0d
	- fabric-command-api-v2 2.2.24+80f8cf510d
	- fabric-commands-v0 0.2.62+df3654b30d
	- fabric-content-registries-v0 8.0.4+b82b23920d
	- fabric-convention-tags-v1 2.0.3+7f945d5b0d
	- fabric-convention-tags-v2 2.0.0+2b43c5c80d
	- fabric-crash-report-info-v1 0.2.27+80f8cf510d
	- fabric-data-attachment-api-v1 1.1.15+2a2c66b60d
	- fabric-data-generation-api-v1 19.0.6+7f945d5b0d
	- fabric-dimensions-v1 2.1.68+947939130d
	- fabric-entity-events-v1 1.6.8+e9d2a72b0d
	- fabric-events-interaction-v0 0.7.6+c5fc38b30d
	- fabric-game-rule-api-v1 1.0.50+80f8cf510d
	- fabric-gametest-api-v1 1.3.16+1172e8970d
	- fabric-item-api-v1 8.1.1+17e985d60d
	- fabric-item-group-api-v1 4.0.38+aae0949a0d
	- fabric-key-binding-api-v1 1.0.45+80f8cf510d
	- fabric-keybindings-v0 0.2.43+df3654b30d
	- fabric-lifecycle-events-v1 2.3.4+c5fc38b30d
	- fabric-loot-api-v2 3.0.4+97f703da0d
	- fabric-message-api-v1 6.0.10+109a837c0d
	- fabric-model-loading-api-v1 1.0.12+80f8cf510d
	- fabric-models-v0 0.4.11+9386d8a70d
	- fabric-networking-api-v1 4.0.8+bd46f3a00d
	- fabric-object-builder-api-v1 15.1.3+c5fc38b30d
	- fabric-particles-v1 4.0.0+c5fc38b30d
	- fabric-recipe-api-v1 5.0.3+c5fc38b30d
	- fabric-registry-sync-v0 5.0.15+f1240ba70d
	- fabric-renderer-api-v1 3.2.12+97f703da0d
	- fabric-renderer-indigo 1.5.12+80f8cf510d
	- fabric-renderer-registries-v1 3.2.61+df3654b30d
	- fabric-rendering-data-attachment-v1 0.3.46+73761d2e0d
	- fabric-rendering-fluids-v1 3.1.3+2c869ded0d
	- fabric-rendering-v0 1.1.64+df3654b30d
	- fabric-rendering-v1 4.2.4+b21c00cb0d
	- fabric-resource-conditions-api-v1 4.0.1+74e2f5600d
	- fabric-resource-loader-v0 1.0.5+c5f2432c0d
	- fabric-screen-api-v1 2.0.21+7b70ea8a0d
	- fabric-screen-handler-api-v1 1.3.72+b21c00cb0d
	- fabric-sound-api-v1 1.0.21+c5fc38b30d
	- fabric-transfer-api-v1 5.1.6+c5fc38b30d
	- fabric-transitive-access-wideners-v1 6.0.10+74e2f5600d
	- fabricloader 0.15.11
	- java 21
	- minecraft 1.20.5
	- mixinextras 0.3.5
	- rat-the-rat 0.0.1-1.20.5
[22:54:09] [main/INFO] (FabricLoader/Mixin) SpongePowered MIXIN Subsystem Version=0.8.5 Source=file:/Users/paulbecker/.gradle/caches/modules-2/files-2.1/net.fabricmc/sponge-mixin/0.13.3+mixin.0.8.5/9527e6b0d2449408958fd1302594dc65ec5ade9c/sponge-mixin-0.13.3+mixin.0.8.5.jar Service=Knot/Fabric Env=CLIENT
[22:54:09] [main/INFO] (FabricLoader/Mixin) Loaded Fabric development mappings for mixin remapper!
[22:54:09] [main/INFO] (FabricLoader/Mixin) Compatibility level set to JAVA_17
[22:54:09] [main/INFO] (FabricLoader/Mixin) Compatibility level set to JAVA_21
[22:54:10] [main/INFO] (FabricLoader/MixinExtras|Service) Initializing MixinExtras via com.llamalad7.mixinextras.service.MixinExtrasServiceImpl(version=0.3.5).
[22:54:14] [Datafixer Bootstrap/INFO] (Minecraft) 221 Datafixer optimizations took 218 milliseconds
[22:54:16] [Render thread/INFO] (Minecraft) Environment: Environment[sessionHost=https://sessionserver.mojang.com, servicesHost=https://api.minecraftservices.com, name=PROD]
[22:54:16] [Render thread/INFO] (Minecraft) Setting user: Player877
[22:54:16] [Render thread/INFO] (rat-the-rat) Registering Mod Items for rat-the-rat
[22:54:16] [Render thread/INFO] (rat-the-rat) Hello Fabric world!
[22:54:16] [Render thread/INFO] (Indigo) [Indigo] Registering Indigo renderer!
[22:54:16] [Render thread/INFO] (Minecraft) Backend library: LWJGL version 3.3.3-snapshot
[22:54:18] [Render thread/INFO] (Minecraft) Reloading ResourceManager: vanilla, fabric, fabric-api, fabric-api-base, fabric-api-lookup-api-v1, fabric-biome-api-v1, fabric-block-api-v1, fabric-block-view-api-v2, fabric-blockrenderlayer-v1, fabric-client-tags-api-v1, fabric-command-api-v1, fabric-command-api-v2, fabric-commands-v0, fabric-content-registries-v0, fabric-convention-tags-v1, fabric-convention-tags-v2, fabric-crash-report-info-v1, fabric-data-attachment-api-v1, fabric-data-generation-api-v1, fabric-dimensions-v1, fabric-entity-events-v1, fabric-events-interaction-v0, fabric-game-rule-api-v1, fabric-gametest-api-v1, fabric-item-api-v1, fabric-item-group-api-v1, fabric-key-binding-api-v1, fabric-keybindings-v0, fabric-lifecycle-events-v1, fabric-loot-api-v2, fabric-message-api-v1, fabric-model-loading-api-v1, fabric-models-v0, fabric-networking-api-v1, fabric-object-builder-api-v1, fabric-particles-v1, fabric-recipe-api-v1, fabric-registry-sync-v0, fabric-renderer-api-v1, fabric-renderer-indigo, fabric-renderer-registries-v1, fabric-rendering-data-attachment-v1, fabric-rendering-fluids-v1, fabric-rendering-v0, fabric-rendering-v1, fabric-resource-conditions-api-v1, fabric-resource-loader-v0, fabric-screen-api-v1, fabric-screen-handler-api-v1, fabric-sound-api-v1, fabric-transfer-api-v1, fabric-transitive-access-wideners-v1, fabricloader, rat-the-rat
[22:54:18] [Worker-Main-3/INFO] (Minecraft) Found unifont_all_no_pua-15.1.04.hex, loading
[22:54:19] [Worker-Main-4/INFO] (Minecraft) Found unifont_jp_patch-15.1.04.hex, loading
[22:54:21] [Render thread/WARN] (Minecraft) Missing sound for event: minecraft:item.goat_horn.play
[22:54:21] [Render thread/WARN] (Minecraft) Missing sound for event: minecraft:entity.goat.screaming.horn_break
[22:54:21] [Render thread/INFO] (Minecraft) OpenAL initialized on device MacBook Air-Lautsprecher
[22:54:21] [Render thread/INFO] (Minecraft) Sound engine started
[22:54:21] [Render thread/INFO] (Minecraft) Created: 1024x512x4 minecraft:textures/atlas/blocks.png-atlas
[22:54:21] [Render thread/INFO] (Minecraft) Created: 256x256x4 minecraft:textures/atlas/signs.png-atlas
[22:54:21] [Render thread/INFO] (Minecraft) Created: 512x512x4 minecraft:textures/atlas/shield_patterns.png-atlas
[22:54:21] [Render thread/INFO] (Minecraft) Created: 512x512x4 minecraft:textures/atlas/banner_patterns.png-atlas
[22:54:21] [Render thread/INFO] (Minecraft) Created: 1024x1024x4 minecraft:textures/atlas/armor_trims.png-atlas
[22:54:21] [Render thread/INFO] (Minecraft) Created: 128x64x4 minecraft:textures/atlas/decorated_pot.png-atlas
[22:54:21] [Render thread/INFO] (Minecraft) Created: 256x256x4 minecraft:textures/atlas/chest.png-atlas
[22:54:21] [Render thread/INFO] (Minecraft) Created: 512x256x4 minecraft:textures/atlas/beds.png-atlas
[22:54:21] [Render thread/INFO] (Minecraft) Created: 512x256x4 minecraft:textures/atlas/shulker_boxes.png-atlas
[22:54:21] [Render thread/INFO] (Minecraft) Created: 512x256x0 minecraft:textures/atlas/particles.png-atlas
[22:54:21] [Render thread/INFO] (Minecraft) Created: 256x256x0 minecraft:textures/atlas/paintings.png-atlas
[22:54:21] [Render thread/INFO] (Minecraft) Created: 256x128x0 minecraft:textures/atlas/mob_effects.png-atlas
[22:54:21] [Render thread/INFO] (Minecraft) Created: 64x64x0 minecraft:textures/atlas/map_decorations.png-atlas
[22:54:21] [Render thread/INFO] (Minecraft) Created: 1024x512x0 minecraft:textures/atlas/gui.png-atlas
[22:54:22] [Render thread/WARN] (Minecraft) Shader rendertype_entity_translucent_emissive could not find sampler named Sampler2 in the specified shader program.
[22:55:08] [Render thread/INFO] (Minecraft) Loaded 1175 recipes
[22:55:09] [Render thread/INFO] (Minecraft) Loaded 1276 advancements
[22:55:09] [Render thread/INFO] (BiomeModificationImpl) Applied 0 biome modifications to 0 of 64 new biomes in 1.142 ms
[22:55:09] [Server thread/INFO] (Minecraft) Starting integrated minecraft server version 1.20.5
[22:55:09] [Server thread/INFO] (Minecraft) Generating keypair
[22:55:12] [Server thread/INFO] (Minecraft) Preparing start region for dimension minecraft:overworld
[22:55:14] [Render thread/INFO] (Minecraft) Preparing spawn area: 0%
[22:55:14] [Render thread/INFO] (Minecraft) Preparing spawn area: 0%
[22:55:14] [Render thread/INFO] (Minecraft) Preparing spawn area: 0%
[22:55:14] [Render thread/INFO] (Minecraft) Preparing spawn area: 0%
[22:55:14] [Render thread/INFO] (Minecraft) Preparing spawn area: 51%
[22:55:15] [Render thread/INFO] (Minecraft) Time elapsed: 2185 ms
[22:55:15] [Server thread/INFO] (Minecraft) Changing view distance to 12, from 10
[22:55:15] [Server thread/INFO] (Minecraft) Changing simulation distance to 12, from 0
[22:55:16] [Server thread/INFO] (Minecraft) Player877[local:E:4e4c63e1] logged in with entity id 29 at (42.83356614616901, 63.0, 44.476464266350725)
[22:55:16] [Server thread/INFO] (Minecraft) Player877 joined the game
[22:55:16] [Render thread/INFO] (Minecraft) Loaded 4 advancements
[22:55:20] [Render thread/INFO] (Minecraft) Loaded 13 advancements
[22:55:26] [Server thread/INFO] (Minecraft) [Player877: Set own game mode to Creative Mode]
[22:55:26] [Render thread/INFO] (Minecraft) [System] [CHAT] Set own game mode to Creative Mode
[22:55:38] [Server thread/INFO] (Minecraft) Player877 has made the advancement [The Parrots and the Bats]
[22:55:38] [Render thread/INFO] (Minecraft) [System] [CHAT] Player877 has made the advancement [The Parrots and the Bats]
[22:55:38] [Render thread/INFO] (Minecraft) Loaded 16 advancements
[22:55:50] [Server thread/INFO] (Minecraft) Saving and pausing game...
[22:55:50] [Server thread/INFO] (Minecraft) Saving chunks for level 'ServerLevel[New World]'/minecraft:overworld
[22:55:50] [Server thread/INFO] (Minecraft) Saving chunks for level 'ServerLevel[New World]'/minecraft:the_end
[22:55:50] [Server thread/INFO] (Minecraft) Saving chunks for level 'ServerLevel[New World]'/minecraft:the_nether
[22:55:51] [Server thread/INFO] (Minecraft) Player877 lost connection: Disconnected
[22:55:51] [Server thread/INFO] (Minecraft) Player877 left the game
[22:55:51] [Server thread/INFO] (Minecraft) Stopping singleplayer server as player logged out
[22:55:51] [Server thread/INFO] (Minecraft) Stopping server
[22:55:51] [Server thread/INFO] (Minecraft) Saving players
[22:55:51] [Server thread/INFO] (Minecraft) Saving worlds
[22:55:52] [Server thread/INFO] (Minecraft) Saving chunks for level 'ServerLevel[New World]'/minecraft:overworld
[22:55:53] [Server thread/INFO] (Minecraft) Saving chunks for level 'ServerLevel[New World]'/minecraft:the_end
[22:55:53] [Server thread/INFO] (Minecraft) Saving chunks for level 'ServerLevel[New World]'/minecraft:the_nether
[22:55:53] [Server thread/INFO] (Minecraft) ThreadedAnvilChunkStorage (New World): All chunks are saved
[22:55:53] [Server thread/INFO] (Minecraft) ThreadedAnvilChunkStorage (DIM1): All chunks are saved
[22:55:53] [Server thread/INFO] (Minecraft) ThreadedAnvilChunkStorage (DIM-1): All chunks are saved
[22:55:53] [Server thread/INFO] (Minecraft) ThreadedAnvilChunkStorage: All dimensions are saved
[22:55:55] [Render thread/INFO] (Minecraft) Stopping!
